Summary of SPARK analysis
=========================

----------------------------------------------------------------------------------------------
SPARK Analysis results        Total        Flow   CodePeer      Provers   Justified   Unproved
----------------------------------------------------------------------------------------------
Data Dependencies                13          13          .            .           .          .
Flow Dependencies                 .           .          .            .           .          .
Initialization                    .           .          .            .           .          .
Non-Aliasing                      .           .          .            .           .          .
Run-time Checks                  23           .          .    23 (CVC4)           .          .
Assertions                        .           .          .            .           .          .
Functional Contracts             13           .          .    13 (CVC4)           .          .
LSP Verification                  .           .          .            .           .          .
Termination                       .           .          .            .           .          .
Concurrency                       .           .          .            .           .          .
----------------------------------------------------------------------------------------------
Total                            49    13 (27%)          .     36 (73%)           .          .


max steps used for successful proof: 1

Analyzed 2 units
in unit main, 0 subprograms and packages out of 1 analyzed
  Main at main.adb:4 skipped
in unit plane, 14 subprograms and packages out of 14 analyzed
  Plane at plane.ads:4 flow analyzed (0 errors, 0 checks and 0 warnings) and proved (0 checks)
  Plane.AltitudeLimits at plane.ads:62 flow analyzed (0 errors, 0 checks and 0 warnings) and proved (7 checks)
  Plane.BurningFuel at plane.ads:102 flow analyzed (0 errors, 0 checks and 0 warnings) and proved (2 checks)
  Plane.Crashing at plane.ads:46 flow analyzed (0 errors, 0 checks and 0 warnings) and proved (1 checks)
  Plane.DecreasingAltitude at plane.ads:92 flow analyzed (0 errors, 0 checks and 0 warnings) and proved (3 checks)
  Plane.DecreasingSpeed at plane.ads:87 flow analyzed (0 errors, 0 checks and 0 warnings) and proved (3 checks)
  Plane.Flying at plane.ads:41 flow analyzed (0 errors, 0 checks and 0 warnings) and proved (1 checks)
  Plane.IncreasingAltitude at plane.ads:82 flow analyzed (0 errors, 0 checks and 0 warnings) and proved (3 checks)
  Plane.IncreasingSpeed at plane.ads:77 flow analyzed (0 errors, 0 checks and 0 warnings) and proved (3 checks)
  Plane.LandingProcedure at plane.ads:67 flow analyzed (0 errors, 0 checks and 0 warnings) and proved (1 checks)
  Plane.LowFuel at plane.ads:52 flow analyzed (0 errors, 0 checks and 0 warnings) and proved (2 checks)
  Plane.SpeedLimits at plane.ads:57 flow analyzed (0 errors, 0 checks and 0 warnings) and proved (7 checks)
  Plane.TakingOff at plane.ads:36 flow analyzed (0 errors, 0 checks and 0 warnings) and proved (1 checks)
  Plane.Towed at plane.ads:72 flow analyzed (0 errors, 0 checks and 0 warnings) and proved (2 checks)
